<?xml version="1.0" encoding="UTF-8"?>
<!-- Generated by org.testng.reporters.JUnitXMLReporter -->
<testsuite ignored="2" hostname="Priya" failures="0" tests="5" name="Test" time="45.9" errors="0" timestamp="07 Sep 2022 04:02:48 GMT">
  <testcase classname="com.demoagt.tests.AboutPageTests" name="getCurrentPageTittle" time="0.008"/>
  <testcase classname="com.demoagt.tests.AboutPageTests" name="selectMenu" time="3.004"/>
  <testcase classname="com.demoagt.tests.HomePageTests" name="testBrokenLinks" time="13.332"/>
  <testcase classname="com.demoagt.tests.HomePageTests" name="testContactUsFunctions" time="1.293"/>
  <testcase classname="com.demoagt.tests.HomePageTests" name="testHomePageTittle" time="0.005"/>
  <testcase classname="com.demoagt.tests.BaseTest" name="@BeforeSuite setReport" time="0.0">
    <ignored/>
  </testcase> <!-- @BeforeSuite setReport -->
  <testcase classname="com.demoagt.tests.BaseTest" name="@BeforeSuite setReport" time="0.0">
    <ignored/>
  </testcase> <!-- @BeforeSuite setReport -->
</testsuite> <!-- Test -->
